#
# A fatal error has been detected by the Java Runtime Environment:
#
#  EXCEPTION_ACCESS_VIOLATION (0xc0000005) at pc=0x00007ffba2e726c4, pid=23404, tid=1436
#
# JRE version: OpenJDK Runtime Environment (24.0.1+9) (build 24.0.1+9-30)
# Java VM: OpenJDK 64-Bit Server VM (24.0.1+9-30, mixed mode, emulated-client, sharing, tiered, compressed oops, compressed class ptrs, g1 gc, windows-amd64)
# Problematic frame:
# C  [libasyncProfiler.dll+0x926c4]
#
# No core dump will be written. Minidumps are not enabled by default on client versions of Windows
#
# JFR recording file will be written. Location: C:\Users\Achu\Downloads\hello-spring\hs_err_pid23404.jfr
#
# If you would like to submit a bug report, please visit:
#   https://bugreport.java.com/bugreport/crash.jsp
# The crash happened outside the Java Virtual Machine in native code.
# See problematic frame for where to report the bug.
#

---------------  S U M M A R Y ------------

Command Line: -XX:TieredStopAtLevel=1 -Dspring.output.ansi.enabled=always -Dcom.sun.management.jmxremote -Dspring.jmx.enabled=true -Dspring.liveBeansView.mbeanDomain -Dspring.application.admin.enabled=true -Dmanagement.endpoints.jmx.exposure.include=* -javaagent:C:\Program Files\JetBrains\IntelliJ IDEA 2025.1.1.1\lib\idea_rt.jar=59621 -Dfile.encoding=UTF-8 -Dsun.stdout.encoding=UTF-8 -Dsun.stderr.encoding=UTF-8 com.example.hello_spring.HelloSpringApplication

Host: AMD Ryzen 7 7735HS with Radeon Graphics        , 16 cores, 15G,  Windows 11 , 64 bit Build 26100 (10.0.26100.3037)
Time: Mon May 19 23:49:50 2025 Central European Daylight Time elapsed time: 11.657211 seconds (0d 0h 0m 11s)

---------------  T H R E A D  ---------------

Current thread (0x000001a458cb9550):  JavaThread "Attach Listener" daemon [_thread_in_native, id=1436, stack(0x0000004d6fb00000,0x0000004d6fc00000) (1024K)]

Stack: [0x0000004d6fb00000,0x0000004d6fc00000],  sp=0x0000004d6fbfee00,  free space=1019k
Native frames: (J=compiled Java code, j=interpreted, Vv=VM code, C=native code)
C  [libasyncProfiler.dll+0x926c4]  (no source info available)
C  [libasyncProfiler.dll+0x92b9b]  (no source info available)
C  [libasyncProfiler.dll+0x917f4]  (no source info available)
C  [libasyncProfiler.dll+0x9206a]  (no source info available)
C  [libasyncProfiler.dll+0x8cc21]  (no source info available)
C  [libasyncProfiler.dll+0x7e5e1]  (no source info available)
C  [libasyncProfiler.dll+0x7d2f8]  (no source info available)
C  [libasyncProfiler.dll+0x7d1e0]  (no source info available)
C  [libasyncProfiler.dll+0x841b9]  (no source info available)
V  [jvm.dll+0x57eff7]  (no source info available)
V  [jvm.dll+0x57fdac]  (no source info available)
V  [jvm.dll+0x14ca17]  (no source info available)
V  [jvm.dll+0x14dfe1]  (no source info available)
V  [jvm.dll+0x42f456]  (no source info available)
V  [jvm.dll+0x87d76b]  (no source info available)
V  [jvm.dll+0x72ee55]  (no source info available)
C  [ucrtbase.dll+0x37b0]  (no source info available)
C  [KERNEL32.DLL+0x2e8d7]  (no source info available)
C  [ntdll.dll+0xbbf2c]  (no source info available)


siginfo: EXCEPTION_ACCESS_VIOLATION (0xc0000005), reading address 0xffffffffffffffff


Registers:
RAX=0x0000000000000010, RBX=0x0000000000000000, RCX=0xffffffffffffffff, RDX=0x007ffb590d300010
RSP=0x0000004d6fbfee00, RBP=0x000001a4419ed330, RSI=0x0000004d6fbfef70, RDI=0x000001a4419ed330
R8 =0x0000000000000042, R9 =0x000000070c200810, R10=0x00007ffb59349fb0, R11=0x000000000000000e
R12=0x0000004d6fbfef70, R13=0x000001a45db5b510, R14=0x000001a458cb9918, R15=0x000001a458cb9918
RIP=0x00007ffba2e726c4, EFLAGS=0x0000000000010202

XMM[0]=0x0000000000000000 0x0000000000000000
XMM[1]=0x0000000000000000 0x0000000000000000
XMM[2]=0x0000000000000000 0x0000000000000000
XMM[3]=0x0000000000000000 0x0000000000000000
XMM[4]=0x0000000000000000 0x0000000000000000
XMM[5]=0x0000000000000000 0x0000000000000000
XMM[6]=0x0000000000000000 0x0000000000000000
XMM[7]=0x0000000000000000 0x0000000000000000
XMM[8]=0x0000000000000000 0x0000000000000000
XMM[9]=0x0000000000000000 0x0000000000000000
XMM[10]=0x0000000000000000 0x0000000000000000
XMM[11]=0x0000000000000000 0x0000000000000000
XMM[12]=0x0000000000000000 0x0000000000000000
XMM[13]=0x0000000000000000 0x0000000000000000
XMM[14]=0x0000000000000000 0x0000000000000000
XMM[15]=0x0000000000000000 0x0000000000000000
  MXCSR=0x00001fa0


Register to memory mapping:

RAX=0x0000000000000010 is an unknown value
RBX=0x0 is null
RCX=0xffffffffffffffff is an unknown value
RDX=0x007ffb590d300010 is an unknown value
RSP=0x0000004d6fbfee00 is pointing into the stack for thread: 0x000001a458cb9550
RBP=0x000001a4419ed330 points into unknown readable memory: 0x000000070c200810 | 10 08 20 0c 07 00 00 00
RSI=0x0000004d6fbfef70 is pointing into the stack for thread: 0x000001a458cb9550
RDI=0x000001a4419ed330 points into unknown readable memory: 0x000000070c200810 | 10 08 20 0c 07 00 00 00
R8 =0x0000000000000042 is an unknown value
R9 =0x000000070c200810 is an oop: java.lang.ref.Reference$ReferenceHandler 
{0x000000070c200810} - klass: 'java/lang/ref/Reference$ReferenceHandler' - flags: 

 - ---- fields (total size 14 words):
 - 'threadLocalRandomProbe' 'I' @12  0 (0x00000000)
 - private volatile 'eetop' 'J' @16  1805375986768 (0x000001a458cb5c50)
 - private final 'tid' 'J' @24  15 (0x000000000000000f)
 - 'threadLocalRandomSeed' 'J' @32  0 (0x0000000000000000)
 - injected 'jvmti_thread_state' 'J' @40  1805457972400 (0x000001a45dae5cb0)
 - 'threadLocalRandomSecondarySeed' 'I' @48  0 (0x00000000)
 - injected 'jvmti_VTMS_transition_disable_count' 'I' @52  0 (0x00000000)
 - injected 'jfr_epoch' 'S' @56  0 (0x0000)
 - volatile 'interrupted' 'Z' @58  false (0x00)
 - injected 'jvmti_is_in_VTMS_transition' 'Z' @59  false (0x00)
 - private volatile 'name' 'Ljava/lang/String;' @60  "Reference Handler"{0x000000070c25cc40} (0xe184b988)
 - private volatile 'contextClassLoader' 'Ljava/lang/ClassLoader;' @64  null (0x00000000)
 - private final 'holder' 'Ljava/lang/Thread$FieldHolder;' @68  a 'java/lang/Thread$FieldHolder'{0x000000070c76ca38} (0xe18ed947)
 - 'threadLocals' 'Ljava/lang/ThreadLocal$ThreadLocalMap;' @72  null (0x00000000)
 - 'inheritableThreadLocals' 'Ljava/lang/ThreadLocal$ThreadLocalMap;' @76  null (0x00000000)
 - private 'scopedValueBindings' 'Ljava/lang/Object;' @80  a 'java/lang/Class'{0x000000070c200c60} = 'java/lang/Thread' (0xe184018c)
 - final 'interruptLock' 'Ljava/lang/Object;' @84  a 'java/lang/Object'{0x000000070c775638} (0xe18eeac7)
 - private volatile 'parkBlocker' 'Ljava/lang/Object;' @88  null (0x00000000)
 - private 'nioBlocker' 'Lsun/nio/ch/Interruptible;' @92  null (0x00000000)
 - private 'cont' 'Ljdk/internal/vm/Continuation;' @96  null (0x00000000)
 - private volatile 'uncaughtExceptionHandler' 'Ljava/lang/Thread$UncaughtExceptionHandler;' @100  null (0x00000000)
 - private 'container' 'Ljdk/internal/vm/ThreadContainer;' @104  null (0x00000000)
 - private volatile 'headStackableScopes' 'Ljdk/internal/vm/StackableScope;' @108  null (0x00000000)
R10=0x00007ffb59349fb0 jvm.dll
R11=0x000000000000000e is an unknown value
R12=0x0000004d6fbfef70 is pointing into the stack for thread: 0x000001a458cb9550
R13=0x000001a45db5b510 points into unknown readable memory: 0x00007ffb592ba510 | 10 a5 2b 59 fb 7f 00 00
R14=0x000001a458cb9918 points into unknown readable memory: 0x00007ffb592b17b0 | b0 17 2b 59 fb 7f 00 00
R15=0x000001a458cb9918 points into unknown readable memory: 0x00007ffb592b17b0 | b0 17 2b 59 fb 7f 00 00

Top of Stack: (sp=0x0000004d6fbfee00)
0x0000004d6fbfee00:   0000004d6fbfef70 000001a4419ed330   p..oM...0..A....
0x0000004d6fbfee10:   0000000000000000 000001a458cb9ca0   ...........X....
0x0000004d6fbfee20:   000000000000003d 00007ffba2e72b9b   =........+......
0x0000004d6fbfee30:   0000000000000000 000001a458cb9918   ...........X....
0x0000004d6fbfee40:   0000004d6fbfef01 0000000000000000   ...oM...........
0x0000004d6fbfee50:   000001a4410c8af0 00007ffba2e717f4   ...A............
0x0000004d6fbfee60:   0000000000000000 000000000000003d   ........=.......
0x0000004d6fbfee70:   0000000000000000 000000000000003d   ........=.......
0x0000004d6fbfee80:   0000001e00000002 000001a44109e1b0   ...........A....
0x0000004d6fbfee90:   000001a4410c8af0 000001a4410c8be4   ...A.......A....
0x0000004d6fbfeea0:   000001a4410c8bec 00000000000016d0   ...A............
0x0000004d6fbfeeb0:   0000000000000000 0000000000000000   ................
0x0000004d6fbfeec0:   0000000000000000 00007ffb58b157d4   .........W.X....
0x0000004d6fbfeed0:   00007ffba2fb4ca0 0000000000005b6c   .L......l[......
0x0000004d6fbfeee0:   00007ffba2fb4ca0 00000000ffffffff   .L..............
0x0000004d6fbfeef0:   0000000000000000 00007ffba2e7206a   ........j ......
0x0000004d6fbfef00:   000001a458cb9918 0000000000000000   ...X............
0x0000004d6fbfef10:   0000004d6fbfef79 000001a45db5b510   y..oM......]....
0x0000004d6fbfef20:   0000000000000004 0000000000000048   ........H.......
0x0000004d6fbfef30:   0000000800800310 0000000000000020   ........ .......
0x0000004d6fbfef40:   000001a458cb9918 00007ffba2fb4ca0   ...X.....L......
0x0000004d6fbfef50:   000001a458cbb460 000001a45dae5cb0   `..X.....\.]....
0x0000004d6fbfef60:   0000000800800390 000001a458cb9918   ...........X....
0x0000004d6fbfef70:   000001a45df9a8a0 000001a45df9b040   ...]....@..]....
0x0000004d6fbfef80:   000001a45df9b040 00007ffba2fb4ca0   @..].....L......
0x0000004d6fbfef90:   000001a44139ae28 0000004d6fbff108   (.9A.......oM...
0x0000004d6fbfefa0:   0000004d6fbff240 0000000000008840   @..oM...@.......
0x0000004d6fbfefb0:   0000004d6fbff420 00007ffba2fb4cf0    ..oM....L......
0x0000004d6fbfefc0:   0000000000989680 0000000000989680   ................
0x0000004d6fbfefd0:   0000004d6fbff0e0 00007ffba2e6cc21   ...oM...!.......
0x0000004d6fbfefe0:   00007ffba2fb4ca0 00007ffba2fb4cf8   .L.......L......
0x0000004d6fbfeff0:   00007ffb00000000 00007ffb00000001   ................

Instructions: (pc=0x00007ffba2e726c4)
  0x00007ffba2e725c4:   cc cc cc cc cc cc cc cc cc cc cc cc cc cc cc cc
  0x00007ffba2e725d4:   cc cc cc cc cc cc cc cc cc cc cc cc cc cc cc cc
  0x00007ffba2e725e4:   cc cc cc cc cc cc cc cc cc cc cc cc cc cc cc cc
  0x00007ffba2e725f4:   cc cc cc cc cc cc cc cc cc cc cc cc cc cc cc cc
  0x00007ffba2e72604:   cc cc cc cc cc cc cc cc cc cc cc cc cc cc cc cc
  0x00007ffba2e72614:   cc cc cc cc cc cc cc cc cc cc cc cc cc cc cc cc
  0x00007ffba2e72624:   cc cc cc cc cc cc cc cc cc cc cc cc cc cc cc cc
  0x00007ffba2e72634:   cc cc cc cc cc cc cc cc cc cc cc cc cc cc cc cc
  0x00007ffba2e72644:   cc cc cc cc cc cc cc cc cc cc cc cc 40 57 48 83
  0x00007ffba2e72654:   ec 20 48 8b f9 48 8b 0d 10 28 14 00 48 85 c9 74
  0x00007ffba2e72664:   20 48 8b 01 48 8d 54 24 38 41 b8 06 00 01 00 4c
  0x00007ffba2e72674:   8b 48 30 41 ff d1 85 c0 75 07 48 8b 4c 24 38 eb
  0x00007ffba2e72684:   02 33 c9 4c 8b 05 ea 28 14 00 48 89 5c 24 30 4d
  0x00007ffba2e72694:   85 c0 74 4a 48 8b 01 48 8b d7 4c 8b 88 28 03 00
  0x00007ffba2e726a4:   00 41 ff d1 48 85 c0 74 35 48 63 0d f8 e6 13 00
  0x00007ffba2e726b4:   48 8b 14 01 48 85 d2 74 15 48 63 05 fc e6 13 00
=>0x00007ffba2e726c4:   8b 04 10 48 8b 5c 24 30 48 83 c4 20 5f c3 b8 ff
  0x00007ffba2e726d4:   ff ff ff 48 8b 5c 24 30 48 83 c4 20 5f c3 80 3d
  0x00007ffba2e726e4:   9b 27 14 00 00 bb ff ff ff ff 74 20 4c 8b 0d 31
  0x00007ffba2e726f4:   24 14 00 4c 8d 44 24 38 48 8b 0d 15 24 14 00 48
  0x00007ffba2e72704:   8b d7 41 ff d1 85 c0 0f 44 5c 24 38 8b c3 48 8b
  0x00007ffba2e72714:   5c 24 30 48 83 c4 20 5f c3 cc cc cc cc cc cc cc
  0x00007ffba2e72724:   cc cc cc cc cc cc cc cc cc cc cc cc cc cc cc cc
  0x00007ffba2e72734:   cc cc cc cc cc cc cc cc cc cc cc cc cc cc cc cc
  0x00007ffba2e72744:   cc cc cc cc cc cc cc cc cc cc cc cc 48 89 54 24
  0x00007ffba2e72754:   10 53 55 56 57 41 56 41 57 48 83 ec 28 48 8b f2
  0x00007ffba2e72764:   4c 8b f1 48 89 4c 24 78 45 33 ff 44 89 7c 24 68
  0x00007ffba2e72774:   c7 44 24 60 01 00 00 00 48 8d 4c 24 68 e8 ed 42
  0x00007ffba2e72784:   f7 ff 8b d8 48 8d 4c 24 60 e8 e1 42 f7 ff 8b e8
  0x00007ffba2e72794:   49 8b ce e8 00 fc f6 ff 48 8b f8 90 8b c3 f0 0f
  0x00007ffba2e727a4:   b1 2f 74 04 f3 90 eb f4 4c 89 3e 4c 89 7e 08 4c
  0x00007ffba2e727b4:   89 7e 10 49 8b 6e 08 4d 8b 76 10 49 3b ee 0f 84


Stack slot to memory mapping:

stack at sp + 0 slots: 0x0000004d6fbfef70 is pointing into the stack for thread: 0x000001a458cb9550
stack at sp + 1 slots: 0x000001a4419ed330 points into unknown readable memory: 0x000000070c200810 | 10 08 20 0c 07 00 00 00
stack at sp + 2 slots: 0x0 is null
stack at sp + 3 slots: 0x000001a458cb9ca0 points into unknown readable memory: 0x6e616c2e6176616a | 6a 61 76 61 2e 6c 61 6e
stack at sp + 4 slots: 0x000000000000003d is an unknown value
stack at sp + 5 slots: 0x00007ffba2e72b9b libasyncProfiler.dll
stack at sp + 6 slots: 0x0 is null
stack at sp + 7 slots: 0x000001a458cb9918 points into unknown readable memory: 0x00007ffb592b17b0 | b0 17 2b 59 fb 7f 00 00

Lock stack of current Java thread (top to bottom):


---------------  P R O C E S S  ---------------

Threads class SMR info:
_java_thread_list=0x000001a4410bd0a0, length=36, elements={
0x000001a458cb5c50, 0x000001a458cb6390, 0x000001a458cb8a20, 0x000001a458cb9550,
0x000001a458cbcc00, 0x000001a458cbe2a0, 0x000001a458ccd2f0, 0x000001a441119c30,
0x000001a441315e20, 0x000001a441318570, 0x000001a441dee5b0, 0x000001a441dfab70,
0x000001a441e1e100, 0x000001a441e22ab0, 0x000001a45d3b40f0, 0x000001a45d3b4840,
0x000001a45d3b4f90, 0x000001a45d3b56e0, 0x000001a45d3b5e30, 0x000001a45d3b6cd0,
0x000001a45d3b39a0, 0x000001a45dc15b20, 0x000001a45dc127f0, 0x000001a45dc16270,
0x000001a45dc12f40, 0x000001a45dc14c80, 0x000001a45dc153d0, 0x000001a45dc13de0,
0x000001a45dc169c0, 0x000001a45dc13690, 0x000001a45dc17110, 0x000001a45dc17860,
0x000001a45d9d64e0, 0x000001a45d9d8ab0, 0x000001a45d9d7400, 0x000001a45dc14530
}

Java Threads: ( => current thread )
  0x000001a458cb5c50 JavaThread "Reference Handler"          daemon [_thread_blocked, id=21072, stack(0x0000004d6f800000,0x0000004d6f900000) (1024K)]
  0x000001a458cb6390 JavaThread "Finalizer"                  daemon [_thread_blocked, id=15444, stack(0x0000004d6f900000,0x0000004d6fa00000) (1024K)]
  0x000001a458cb8a20 JavaThread "Signal Dispatcher"          daemon [_thread_blocked, id=27940, stack(0x0000004d6fa00000,0x0000004d6fb00000) (1024K)]
=>0x000001a458cb9550 JavaThread "Attach Listener"            daemon [_thread_in_native, id=1436, stack(0x0000004d6fb00000,0x0000004d6fc00000) (1024K)]
  0x000001a458cbcc00 JavaThread "Service Thread"             daemon [_thread_blocked, id=22848, stack(0x0000004d6fc00000,0x0000004d6fd00000) (1024K)]
  0x000001a458cbe2a0 JavaThread "Monitor Deflation Thread"   daemon [_thread_blocked, id=14172, stack(0x0000004d6fd00000,0x0000004d6fe00000) (1024K)]
  0x000001a458ccd2f0 JavaThread "C1 CompilerThread0"         daemon [_thread_blocked, id=19468, stack(0x0000004d6fe00000,0x0000004d6ff00000) (1024K)]
  0x000001a441119c30 JavaThread "Common-Cleaner"             daemon [_thread_blocked, id=5212, stack(0x0000004d70000000,0x0000004d70100000) (1024K)]
  0x000001a441315e20 JavaThread "Monitor Ctrl-Break"         daemon [_thread_in_native, id=25924, stack(0x0000004d70300000,0x0000004d70400000) (1024K)]
  0x000001a441318570 JavaThread "Notification Thread"        daemon [_thread_blocked, id=22944, stack(0x0000004d70400000,0x0000004d70500000) (1024K)]
  0x000001a441dee5b0 JavaThread "RMI TCP Accept-0"           daemon [_thread_in_native, id=8212, stack(0x0000004d70500000,0x0000004d70600000) (1024K)]
  0x000001a441dfab70 JavaThread "RMI TCP Connection(1)-192.168.0.46" daemon [_thread_in_native, id=8396, stack(0x0000004d70600000,0x0000004d70700000) (1024K)]
  0x000001a441e1e100 JavaThread "RMI Scheduler(0)"           daemon [_thread_blocked, id=26004, stack(0x0000004d70700000,0x0000004d70800000) (1024K)]
  0x000001a441e22ab0 JavaThread "JMX server connection timeout 40" daemon [_thread_blocked, id=10452, stack(0x0000004d70800000,0x0000004d70900000) (1024K)]
  0x000001a45d3b40f0 JavaThread "Catalina-utility-1"                [_thread_blocked, id=4640, stack(0x0000004d71900000,0x0000004d71a00000) (1024K)]
  0x000001a45d3b4840 JavaThread "Catalina-utility-2"                [_thread_blocked, id=3276, stack(0x0000004d71a00000,0x0000004d71b00000) (1024K)]
  0x000001a45d3b4f90 JavaThread "container-0"                       [_thread_blocked, id=26996, stack(0x0000004d71b00000,0x0000004d71c00000) (1024K)]
  0x000001a45d3b56e0 JavaThread "http-nio-8080-exec-1"       daemon [_thread_blocked, id=8568, stack(0x0000004d71c00000,0x0000004d71d00000) (1024K)]
  0x000001a45d3b5e30 JavaThread "http-nio-8080-exec-2"       daemon [_thread_blocked, id=3520, stack(0x0000004d71d00000,0x0000004d71e00000) (1024K)]
  0x000001a45d3b6cd0 JavaThread "http-nio-8080-exec-3"       daemon [_thread_blocked, id=1260, stack(0x0000004d71e00000,0x0000004d71f00000) (1024K)]
  0x000001a45d3b39a0 JavaThread "http-nio-8080-exec-4"       daemon [_thread_blocked, id=25384, stack(0x0000004d71f00000,0x0000004d72000000) (1024K)]
  0x000001a45dc15b20 JavaThread "http-nio-8080-exec-5"       daemon [_thread_blocked, id=10980, stack(0x0000004d72000000,0x0000004d72100000) (1024K)]
  0x000001a45dc127f0 JavaThread "http-nio-8080-exec-6"       daemon [_thread_blocked, id=23952, stack(0x0000004d72100000,0x0000004d72200000) (1024K)]
  0x000001a45dc16270 JavaThread "http-nio-8080-exec-7"       daemon [_thread_blocked, id=23800, stack(0x0000004d72200000,0x0000004d72300000) (1024K)]
  0x000001a45dc12f40 JavaThread "http-nio-8080-exec-8"       daemon [_thread_blocked, id=6912, stack(0x0000004d72300000,0x0000004d72400000) (1024K)]
  0x000001a45dc14c80 JavaThread "http-nio-8080-exec-9"       daemon [_thread_blocked, id=22104, stack(0x0000004d72400000,0x0000004d72500000) (1024K)]
  0x000001a45dc153d0 JavaThread "http-nio-8080-exec-10"      daemon [_thread_blocked, id=9704, stack(0x0000004d72500000,0x0000004d72600000) (1024K)]
  0x000001a45dc13de0 JavaThread "http-nio-8080-Poller"       daemon [_thread_in_native, id=20020, stack(0x0000004d72600000,0x0000004d72700000) (1024K)]
  0x000001a45dc169c0 JavaThread "http-nio-8080-Acceptor"     daemon [_thread_in_native, id=3180, stack(0x0000004d72700000,0x0000004d72800000) (1024K)]
  0x000001a45dc13690 JavaThread "DestroyJavaVM"                     [_thread_blocked, id=3328, stack(0x0000004d6f000000,0x0000004d6f100000) (1024K)]
  0x000001a45dc17110 JavaThread "RMI TCP Connection(2)-192.168.0.46" daemon [_thread_in_native, id=1884, stack(0x0000004d72800000,0x0000004d72900000) (1024K)]
  0x000001a45dc17860 JavaThread "JFR Recorder Thread"        daemon [_thread_in_native, id=25444, stack(0x0000004d6ff00000,0x0000004d70000000) (1024K)]
  0x000001a45d9d64e0 JavaThread "C1 CompilerThread1"         daemon [_thread_blocked, id=18592, stack(0x0000004d70100000,0x0000004d70200000) (1024K)]
  0x000001a45d9d8ab0 JavaThread "C1 CompilerThread2"         daemon [_thread_blocked, id=12632, stack(0x0000004d70200000,0x0000004d70300000) (1024K)]
  0x000001a45d9d7400 JavaThread "C1 CompilerThread3"         daemon [_thread_blocked, id=7396, stack(0x0000004d71000000,0x0000004d71100000) (1024K)]
  0x000001a45dc14530 JavaThread "JFR Periodic Tasks"         daemon [_thread_blocked, id=5840, stack(0x0000004d71100000,0x0000004d71200000) (1024K)]
Total: 36

Other Threads:
  0x000001a458ca7520 VMThread "VM Thread"                           [id=22816, stack(0x0000004d6f700000,0x0000004d6f800000) (1024K)]
  0x000001a458b700b0 WatcherThread "VM Periodic Task Thread"        [id=10008, stack(0x0000004d6f600000,0x0000004d6f700000) (1024K)]
  0x000001a445068b50 WorkerThread "GC Thread#0"                     [id=7984, stack(0x0000004d6f100000,0x0000004d6f200000) (1024K)]
  0x000001a45d291df0 WorkerThread "GC Thread#1"                     [id=8624, stack(0x0000004d70a00000,0x0000004d70b00000) (1024K)]
  0x000001a45d2921a0 WorkerThread "GC Thread#2"                     [id=2460, stack(0x0000004d70b00000,0x0000004d70c00000) (1024K)]
  0x000001a45d3c7980 WorkerThread "GC Thread#3"                     [id=4620, stack(0x0000004d70c00000,0x0000004d70d00000) (1024K)]
  0x000001a45d3dfd50 WorkerThread "GC Thread#4"                     [id=10268, stack(0x0000004d70d00000,0x0000004d70e00000) (1024K)]
  0x000001a45d24d6a0 WorkerThread "GC Thread#5"                     [id=14928, stack(0x0000004d70e00000,0x0000004d70f00000) (1024K)]
  0x000001a45d24da50 WorkerThread "GC Thread#6"                     [id=24424, stack(0x0000004d70f00000,0x0000004d71000000) (1024K)]
  0x000001a45d825b90 WorkerThread "GC Thread#7"                     [id=21020, stack(0x0000004d70900000,0x0000004d70a00000) (1024K)]
  0x000001a45d8241c0 WorkerThread "GC Thread#8"                     [id=25020, stack(0x0000004d71200000,0x0000004d71300000) (1024K)]
  0x000001a45d825080 WorkerThread "GC Thread#9"                     [id=27020, stack(0x0000004d71300000,0x0000004d71400000) (1024K)]
  0x000001a45d827560 WorkerThread "GC Thread#10"                    [id=25648, stack(0x0000004d71400000,0x0000004d71500000) (1024K)]
  0x000001a45d823a60 WorkerThread "GC Thread#11"                    [id=20976, stack(0x0000004d71500000,0x0000004d71600000) (1024K)]
  0x000001a45d825430 WorkerThread "GC Thread#12"                    [id=19848, stack(0x0000004d71600000,0x0000004d71700000) (1024K)]
  0x000001a44507d460 ConcurrentGCThread "G1 Main Marker"            [id=22672, stack(0x0000004d6f200000,0x0000004d6f300000) (1024K)]
  0x000001a445081a90 WorkerThread "G1 Conc#0"                       [id=22252, stack(0x0000004d6f300000,0x0000004d6f400000) (1024K)]
  0x000001a45d824920 WorkerThread "G1 Conc#1"                       [id=22752, stack(0x0000004d71700000,0x0000004d71800000) (1024K)]
  0x000001a45d826e00 WorkerThread "G1 Conc#2"                       [id=25328, stack(0x0000004d71800000,0x0000004d71900000) (1024K)]
  0x000001a458b67400 ConcurrentGCThread "G1 Refine#0"               [id=164, stack(0x0000004d6f400000,0x0000004d6f500000) (1024K)]
  0x000001a458b67c30 ConcurrentGCThread "G1 Service"                [id=6712, stack(0x0000004d6f500000,0x0000004d6f600000) (1024K)]
Total: 21

Threads with active compile tasks:
Total: 0

VM state: not at safepoint (normal execution)

VM Mutex/Monitor currently owned by a thread: None

Heap address: 0x000000070c000000, size: 3904 MB, Compressed Oops mode: Zero based, Oop shift amount: 3

CDS archive(s) mapped at: [0x000001a400000000-0x000001a400d40000-0x000001a400d40000), size 13893632, SharedBaseAddress: 0x000001a400000000, ArchiveRelocationMode: 1.
Compressed class space mapped at: 0x000001a401000000-0x000001a441000000, reserved size: 1073741824
UseCompressedClassPointers 1, UseCompactObjectHeaders 0
Narrow klass pointer bits 32, Max shift 3
Narrow klass base: 0x000001a400000000, Narrow klass shift: 0
Encoding Range: [0x000001a400000000 - 0x000001a500000000), (4294967296 bytes)
Klass Range:    [0x000001a400000000 - 0x000001a441000000), (1090519040 bytes)
Klass ID Range:  [8 - 1090519033) (1090519025)

GC Precious Log:
 CardTable entry size: 512
 Card Set container configuration: InlinePtr #cards 4 size 8 Array Of Cards #cards 16 size 48 Howl #buckets 8 coarsen threshold 3686 Howl Bitmap #cards 512 size 80 coarsen threshold 460 Card regions per heap region 1 cards per card region 4096
 CPUs: 16 total, 16 available
 Memory: 15610M
 Large Page Support: Disabled
 NUMA Support: Disabled
 Compressed Oops: Enabled (Zero based)
 Heap Region Size: 2M
 Heap Min Capacity: 8M
 Heap Initial Capacity: 244M
 Heap Max Capacity: 3904M
 Pre-touch: Disabled
 Parallel Workers: 13
 Concurrent Workers: 3
 Concurrent Refinement Workers: 13
 Periodic GC: Disabled

Heap:
 garbage-first heap   total reserved 3997696K, committed 61440K, used 36038K [0x000000070c000000, 0x0000000800000000)
  region size 2048K, 14 young (28672K), 3 survivors (6144K)
 Metaspace       used 28945K, committed 29440K, reserved 1114112K
  class space    used 3322K, committed 3584K, reserved 1048576K

Heap Regions: E=young(eden), S=young(survivor), O=old, HS=humongous(starts), HC=humongous(continues), CS=collection set, F=free, TAMS=top-at-mark-start, PB=parsable bottom
|   0|0x000000070c000000, 0x000000070c005330, 0x000000070c200000|  1%| O|  |TAMS 0x000000070c000000| PB 0x000000070c000000| Untracked |  0
|   1|0x000000070c200000, 0x000000070c400000, 0x000000070c400000|100%| O|  |TAMS 0x000000070c200000| PB 0x000000070c200000| Untracked |  0
|   2|0x000000070c400000, 0x000000070c600000, 0x000000070c600000|100%| O|  |TAMS 0x000000070c400000| PB 0x000000070c400000| Untracked |  0
|   3|0x000000070c600000, 0x000000070c800000, 0x000000070c800000|100%| O|  |TAMS 0x000000070c600000| PB 0x000000070c600000| Untracked |  0
|   4|0x000000070c800000, 0x000000070ca00000, 0x000000070ca00000|100%| O|  |TAMS 0x000000070c800000| PB 0x000000070c800000| Untracked |  0
|   5|0x000000070ca00000, 0x000000070cb7d810, 0x000000070cc00000| 74%| O|  |TAMS 0x000000070ca00000| PB 0x000000070ca00000| Untracked |  0
|   6|0x000000070cc00000, 0x000000070cc00000, 0x000000070ce00000|  0%| F|  |TAMS 0x000000070cc00000| PB 0x000000070cc00000| Untracked |  0
|   7|0x000000070ce00000, 0x000000070ce00000, 0x000000070d000000|  0%| F|  |TAMS 0x000000070ce00000| PB 0x000000070ce00000| Untracked |  0
|   8|0x000000070d000000, 0x000000070d1aecd0, 0x000000070d200000| 84%| S|CS|TAMS 0x000000070d000000| PB 0x000000070d000000| Complete |  0
|   9|0x000000070d200000, 0x000000070d400000, 0x000000070d400000|100%| S|CS|TAMS 0x000000070d200000| PB 0x000000070d200000| Complete |  0
|  10|0x000000070d400000, 0x000000070d600000, 0x000000070d600000|100%| S|CS|TAMS 0x000000070d400000| PB 0x000000070d400000| Complete |  0
|  11|0x000000070d600000, 0x000000070d600000, 0x000000070d800000|  0%| F|  |TAMS 0x000000070d600000| PB 0x000000070d600000| Untracked |  0
|  12|0x000000070d800000, 0x000000070d800000, 0x000000070da00000|  0%| F|  |TAMS 0x000000070d800000| PB 0x000000070d800000| Untracked |  0
|  13|0x000000070da00000, 0x000000070da00000, 0x000000070dc00000|  0%| F|  |TAMS 0x000000070da00000| PB 0x000000070da00000| Untracked |  0
|  14|0x000000070dc00000, 0x000000070dc00000, 0x000000070de00000|  0%| F|  |TAMS 0x000000070dc00000| PB 0x000000070dc00000| Untracked |  0
|  15|0x000000070de00000, 0x000000070de00000, 0x000000070e000000|  0%| F|  |TAMS 0x000000070de00000| PB 0x000000070de00000| Untracked |  0
|  16|0x000000070e000000, 0x000000070e000000, 0x000000070e200000|  0%| F|  |TAMS 0x000000070e000000| PB 0x000000070e000000| Untracked |  0
|  17|0x000000070e200000, 0x000000070e200000, 0x000000070e400000|  0%| F|  |TAMS 0x000000070e200000| PB 0x000000070e200000| Untracked |  0
|  18|0x000000070e400000, 0x000000070e400000, 0x000000070e600000|  0%| F|  |TAMS 0x000000070e400000| PB 0x000000070e400000| Untracked |  0
|  19|0x000000070e600000, 0x000000070e7e9d40, 0x000000070e800000| 95%| E|  |TAMS 0x000000070e600000| PB 0x000000070e600000| Complete |  0
|  20|0x000000070e800000, 0x000000070ea00000, 0x000000070ea00000|100%| E|CS|TAMS 0x000000070e800000| PB 0x000000070e800000| Complete |  0
|  21|0x000000070ea00000, 0x000000070ec00000, 0x000000070ec00000|100%| E|CS|TAMS 0x000000070ea00000| PB 0x000000070ea00000| Complete |  0
|  22|0x000000070ec00000, 0x000000070ee00000, 0x000000070ee00000|100%| E|CS|TAMS 0x000000070ec00000| PB 0x000000070ec00000| Complete |  0
|  99|0x0000000718600000, 0x0000000718800000, 0x0000000718800000|100%| E|CS|TAMS 0x0000000718600000| PB 0x0000000718600000| Complete |  0
| 100|0x0000000718800000, 0x0000000718a00000, 0x0000000718a00000|100%| E|CS|TAMS 0x0000000718800000| PB 0x0000000718800000| Complete |  0
| 101|0x0000000718a00000, 0x0000000718c00000, 0x0000000718c00000|100%| E|CS|TAMS 0x0000000718a00000| PB 0x0000000718a00000| Complete |  0
| 102|0x0000000718c00000, 0x0000000718e00000, 0x0000000718e00000|100%| E|CS|TAMS 0x0000000718c00000| PB 0x0000000718c00000| Complete |  0
| 103|0x0000000718e00000, 0x0000000719000000, 0x0000000719000000|100%| E|CS|TAMS 0x0000000718e00000| PB 0x0000000718e00000| Complete |  0
| 121|0x000000071b200000, 0x000000071b400000, 0x000000071b400000|100%| E|CS|TAMS 0x000000071b200000| PB 0x000000071b200000| Complete |  0
|1951|0x00000007ffe00000, 0x0000000800000000, 0x0000000800000000|100%| E|CS|TAMS 0x00000007ffe00000| PB 0x00000007ffe00000| Complete |  0

Card table byte_map: [0x000001a4517c0000,0x000001a451f60000] _byte_map_base: 0x000001a44df60000

Marking Bits: (CMBitMap*) 0x000001a445069980
 Bits: [0x000001a451f60000, 0x000001a455c60000)

Polling page: 0x000001a442e40000

Metaspace:

Usage:
  Non-class:     25.02 MB used.
      Class:      3.25 MB used.
       Both:     28.27 MB used.

Virtual space:
  Non-class space:       64.00 MB reserved,      25.25 MB ( 39%) committed,  1 nodes.
      Class space:        1.00 GB reserved,       3.50 MB ( <1%) committed,  1 nodes.
             Both:        1.06 GB reserved,      28.75 MB (  3%) committed. 

Chunk freelists:
   Non-Class:  6.39 MB
       Class:  12.56 MB
        Both:  18.95 MB

MaxMetaspaceSize: unlimited
CompressedClassSpaceSize: 1.00 GB
Initial GC threshold: 21.00 MB
Current GC threshold: 31.38 MB
CDS: on
 - commit_granule_bytes: 65536.
 - commit_granule_words: 8192.
 - virtual_space_node_default_size: 8388608.
 - enlarge_chunks_in_place: 1.
UseCompressedClassPointers 1, UseCompactObjectHeaders 0
Narrow klass pointer bits 32, Max shift 3
Narrow klass base: 0x000001a400000000, Narrow klass shift: 0
Encoding Range: [0x000001a400000000 - 0x000001a500000000), (4294967296 bytes)
Klass Range:    [0x000001a400000000 - 0x000001a441000000), (1090519040 bytes)
Klass ID Range:  [8 - 1090519033) (1090519025)


Internal statistics:

num_allocs_failed_limit: 0.
num_arena_births: 506.
num_arena_deaths: 0.
num_vsnodes_births: 2.
num_vsnodes_deaths: 0.
num_space_committed: 460.
num_space_uncommitted: 0.
num_chunks_returned_to_freelist: 0.
num_chunks_taken_from_freelist: 1456.
num_chunk_merges: 0.
num_chunk_splits: 991.
num_chunks_enlarged: 749.
num_inconsistent_stats: 0.

CodeCache: size=49152Kb used=8158Kb max_used=8972Kb free=40993Kb
 bounds [0x000001a44d8a0000, 0x000001a44e170000, 0x000001a4508a0000]
 total_blobs=4996, nmethods=4441, adapters=477, full_count=0
Compilation: enabled, stopped_count=0, restarted_count=0

Compilation events (20 events):
Event: 11.542 Thread 0x000001a45d9d8ab0 4432       1       jdk.jfr.internal.EventControl::getEventType (5 bytes)
Event: 11.542 Thread 0x000001a45d9d7400 4433       1       jdk.jfr.internal.EventControl::getSettingsId (5 bytes)
Event: 11.542 Thread 0x000001a458ccd2f0 4434       1       jdk.jfr.internal.EventControl::getNamedControls (5 bytes)
Event: 11.542 Thread 0x000001a45d9d64e0 4435       1       jdk.jfr.internal.PlatformEventType::isEnabled (5 bytes)
Event: 11.542 Thread 0x000001a45d9d8ab0 nmethod 4432 0x000001a44db43808 code [0x000001a44db43900, 0x000001a44db439c8]
Event: 11.542 Thread 0x000001a458ccd2f0 nmethod 4434 0x000001a44db43508 code [0x000001a44db43600, 0x000001a44db436c8]
Event: 11.542 Thread 0x000001a45d9d7400 nmethod 4433 0x000001a44db43208 code [0x000001a44db43300, 0x000001a44db433c8]
Event: 11.542 Thread 0x000001a458ccd2f0 4436   !   1       jdk.jfr.internal.Control::setValue (102 bytes)
Event: 11.542 Thread 0x000001a45d9d64e0 nmethod 4435 0x000001a44db42f08 code [0x000001a44db43000, 0x000001a44db430c8]
Event: 11.542 Thread 0x000001a45d9d7400 4438       1       jdk.jfr.internal.Control::apply (10 bytes)
Event: 11.542 Thread 0x000001a45d9d8ab0 4437       1       jdk.jfr.internal.SettingsManager$InternalSetting::getValues (35 bytes)
Event: 11.542 Thread 0x000001a45d9d64e0 4439       1       jdk.jfr.internal.Control::findCombine (121 bytes)
Event: 11.542 Thread 0x000001a45d9d8ab0 nmethod 4437 0x000001a44db42b88 code [0x000001a44db42cc0, 0x000001a44db42ec8]
Event: 11.542 Thread 0x000001a45d9d7400 nmethod 4438 0x000001a44db42888 code [0x000001a44db429a0, 0x000001a44db42ab0]
Event: 11.543 Thread 0x000001a458ccd2f0 nmethod 4436 0x000001a44db41f88 code [0x000001a44db42180, 0x000001a44db42810]
Event: 11.543 Thread 0x000001a45d9d64e0 nmethod 4439 0x000001a44db41608 code [0x000001a44db417c0, 0x000001a44db41f70]
Event: 11.549 Thread 0x000001a458ccd2f0 4440       1       jdk.jfr.internal.periodic.EventTask::getEventType (5 bytes)
Event: 11.549 Thread 0x000001a458ccd2f0 nmethod 4440 0x000001a44db41308 code [0x000001a44db41400, 0x000001a44db414c8]
Event: 11.549 Thread 0x000001a45d9d8ab0 4441       1       jdk.jfr.internal.periodic.PeriodicTask::getPeriod (5 bytes)
Event: 11.549 Thread 0x000001a45d9d8ab0 nmethod 4441 0x000001a44db41008 code [0x000001a44db41100, 0x000001a44db411c8]

GC Heap History (8 events):
Event: 1.613 GC heap before
{Heap before GC invocations=0 (full 0):
 garbage-first heap   total reserved 3997696K, committed 251904K, used 50288K [0x000000070c000000, 0x0000000800000000)
  region size 2048K, 24 young (49152K), 0 survivors (0K)
 Metaspace       used 10904K, committed 11200K, reserved 1114112K
  class space    used 1298K, committed 1408K, reserved 1048576K
}
Event: 1.622 GC heap after
{Heap after GC invocations=1 (full 0):
 garbage-first heap   total reserved 3997696K, committed 251904K, used 7301K [0x000000070c000000, 0x0000000800000000)
  region size 2048K, 3 young (6144K), 3 survivors (6144K)
 Metaspace       used 10904K, committed 11200K, reserved 1114112K
  class space    used 1298K, committed 1408K, reserved 1048576K
}
Event: 2.113 GC heap before
{Heap before GC invocations=1 (full 0):
 garbage-first heap   total reserved 3997696K, committed 251904K, used 42117K [0x000000070c000000, 0x0000000800000000)
  region size 2048K, 21 young (43008K), 3 survivors (6144K)
 Metaspace       used 18982K, committed 19264K, reserved 1114112K
  class space    used 2102K, committed 2240K, reserved 1048576K
}
Event: 2.122 GC heap after
{Heap after GC invocations=2 (full 0):
 garbage-first heap   total reserved 3997696K, committed 251904K, used 10929K [0x000000070c000000, 0x0000000800000000)
  region size 2048K, 5 young (10240K), 5 survivors (10240K)
 Metaspace       used 18982K, committed 19264K, reserved 1114112K
  class space    used 2102K, committed 2240K, reserved 1048576K
}
Event: 2.692 GC heap before
{Heap before GC invocations=3 (full 0):
 garbage-first heap   total reserved 3997696K, committed 49152K, used 45745K [0x000000070c000000, 0x0000000800000000)
  region size 2048K, 22 young (45056K), 5 survivors (10240K)
 Metaspace       used 22865K, committed 23232K, reserved 1114112K
  class space    used 2598K, committed 2752K, reserved 1048576K
}
Event: 2.704 GC heap after
{Heap after GC invocations=4 (full 0):
 garbage-first heap   total reserved 3997696K, committed 61440K, used 13307K [0x000000070c000000, 0x0000000800000000)
  region size 2048K, 6 young (12288K), 6 survivors (12288K)
 Metaspace       used 22865K, committed 23232K, reserved 1114112K
  class space    used 2598K, committed 2752K, reserved 1048576K
}
Event: 3.175 GC heap before
{Heap before GC invocations=4 (full 0):
 garbage-first heap   total reserved 3997696K, committed 61440K, used 37883K [0x000000070c000000, 0x0000000800000000)
  region size 2048K, 18 young (36864K), 6 survivors (12288K)
 Metaspace       used 26449K, committed 26880K, reserved 1114112K
  class space    used 3012K, committed 3200K, reserved 1048576K
}
Event: 3.186 GC heap after
{Heap after GC invocations=5 (full 0):
 garbage-first heap   total reserved 3997696K, committed 61440K, used 15558K [0x000000070c000000, 0x0000000800000000)
  region size 2048K, 3 young (6144K), 3 survivors (6144K)
 Metaspace       used 26449K, committed 26880K, reserved 1114112K
  class space    used 3012K, committed 3200K, reserved 1048576K
}

Dll operation events (12 events):
Event: 0.027 Loaded shared library C:\Users\Achu\.jdks\openjdk-24.0.1\bin\java.dll
Event: 0.148 Loaded shared library C:\Users\Achu\.jdks\openjdk-24.0.1\bin\zip.dll
Event: 0.152 Loaded shared library C:\Users\Achu\.jdks\openjdk-24.0.1\bin\instrument.dll
Event: 0.159 Loaded shared library C:\Users\Achu\.jdks\openjdk-24.0.1\bin\net.dll
Event: 0.162 Loaded shared library C:\Users\Achu\.jdks\openjdk-24.0.1\bin\nio.dll
Event: 0.167 Loaded shared library C:\Users\Achu\.jdks\openjdk-24.0.1\bin\zip.dll
Event: 0.246 Loaded shared library C:\Users\Achu\.jdks\openjdk-24.0.1\bin\extnet.dll
Event: 0.257 Loaded shared library C:\Users\Achu\.jdks\openjdk-24.0.1\bin\jimage.dll
Event: 0.290 Loaded shared library C:\Users\Achu\.jdks\openjdk-24.0.1\bin\management.dll
Event: 0.306 Loaded shared library C:\Users\Achu\.jdks\openjdk-24.0.1\bin\management_ext.dll
Event: 1.989 Loaded shared library C:\Users\Achu\.jdks\openjdk-24.0.1\bin\sunmscapi.dll
Event: 11.375 Loaded shared library C:\Users\Achu\AppData\Local\Temp\idea_libasyncProfiler_dll_temp_folder\libasyncProfiler.dll

Deoptimization events (0 events):
No events

Classes loaded (20 events):
Event: 11.514 Loading class jdk/jfr/internal/MetadataWriter
Event: 11.515 Loading class jdk/jfr/internal/MetadataWriter done
Event: 11.515 Loading class jdk/jfr/internal/MetadataDescriptor$Element
Event: 11.515 Loading class jdk/jfr/internal/MetadataDescriptor$Element done
Event: 11.515 Loading class jdk/jfr/internal/MetadataDescriptor$Attribute
Event: 11.516 Loading class jdk/jfr/internal/MetadataDescriptor$Attribute done
Event: 11.525 Loading class jdk/jfr/internal/consumer/StringParser$Encoding
Event: 11.525 Loading class jdk/jfr/internal/consumer/StringParser$Encoding done
Event: 11.535 Loading class jdk/jfr/internal/consumer/RepositoryFiles
Event: 11.535 Loading class jdk/jfr/internal/consumer/RepositoryFiles done
Event: 11.538 Loading class jdk/jfr/internal/SettingsManager$InternalSetting
Event: 11.538 Loading class jdk/jfr/internal/SettingsManager$InternalSetting done
Event: 11.540 Loading class jdk/jfr/internal/util/Rate
Event: 11.540 Loading class jdk/jfr/internal/util/Rate done
Event: 11.540 Loading class jdk/jfr/internal/util/TimespanUnit
Event: 11.541 Loading class jdk/jfr/internal/util/TimespanUnit done
Event: 11.541 Loading class jdk/jfr/internal/util/ValueParser
Event: 11.541 Loading class jdk/jfr/internal/util/ValueParser done
Event: 11.542 Loading class jdk/jfr/internal/periodic/PeriodicType
Event: 11.543 Loading class jdk/jfr/internal/periodic/PeriodicType done

Classes unloaded (0 events):
No events

Classes redefined (0 events):
No events

Internal exceptions (20 events):
Event: 2.840 Thread 0x000001a442c7a940 Exception <a 'java/io/IOException'{0x0000000718b496d0}> (0x0000000718b496d0) 
thrown [s\open\src\hotspot\share\prims\jni.cpp, line 518]
Event: 2.856 Thread 0x000001a442c7a940 Exception <a 'java/io/IOException'{0x0000000718bcf640}> (0x0000000718bcf640) 
thrown [s\open\src\hotspot\share\prims\jni.cpp, line 518]
Event: 2.857 Thread 0x000001a442c7a940 Exception <a 'java/io/IOException'{0x0000000718bd3128}> (0x0000000718bd3128) 
thrown [s\open\src\hotspot\share\prims\jni.cpp, line 518]
Event: 2.858 Thread 0x000001a442c7a940 Exception <a 'java/io/IOException'{0x0000000718bd3be0}> (0x0000000718bd3be0) 
thrown [s\open\src\hotspot\share\prims\jni.cpp, line 518]
Event: 2.870 Thread 0x000001a442c7a940 Exception <a 'java/lang/NoSuchMethodError'{0x0000000718862768}: 'int java.lang.invoke.DirectMethodHandle$Holder.invokeInterface(java.lang.Object, java.lang.Object, java.lang.Object, java.lang.Object)'> (0x0000000718862768) 
thrown [s\open\src\hotspot\share\interpreter\linkResolver.cpp, line 805]
Event: 2.970 Thread 0x000001a442c7a940 Exception <a 'java/lang/NoSuchMethodError'{0x000000070e1ad798}: 'java.lang.Object java.lang.invoke.DirectMethodHandle$Holder.newInvokeSpecial(java.lang.Object, java.lang.Object, java.lang.Object, java.lang.Object, java.lang.Object, java.lang.Object, java.lang.Object, java.lang.Object)'> (0x000000070e1ad798) 
thrown [s\open\src\hotspot\share\interpreter\linkResolver.cpp, line 805]
Event: 2.982 Thread 0x000001a442c7a940 Exception <a 'java/io/IOException'{0x000000070df53828}> (0x000000070df53828) 
thrown [s\open\src\hotspot\share\prims\jni.cpp, line 518]
Event: 3.133 Thread 0x000001a442c7a940 Exception <a 'java/lang/IncompatibleClassChangeError'{0x000000070d9c5f38}: Found class java.lang.Object, but interface was expected> (0x000000070d9c5f38) 
thrown [s\open\src\hotspot\share\interpreter\linkResolver.cpp, line 872]
Event: 3.166 Thread 0x000001a442c7a940 Exception <a 'java/lang/NoSuchMethodError'{0x000000070d773948}: 'void java.lang.invoke.DirectMethodHandle$Holder.invokeVirtual(java.lang.Object, java.lang.Object, long)'> (0x000000070d773948) 
thrown [s\open\src\hotspot\share\interpreter\linkResolver.cpp, line 805]
Event: 3.215 Thread 0x000001a442c7a940 Exception <a 'java/lang/NoSuchMethodError'{0x00000007fff4dda8}: 'int java.lang.invoke.DirectMethodHandle$Holder.invokeStaticInit(java.lang.Object, java.lang.Object, java.lang.Object, java.lang.Object)'> (0x00000007fff4dda8) 
thrown [s\open\src\hotspot\share\interpreter\linkResolver.cpp, line 805]
Event: 3.325 Thread 0x000001a442c7a940 Exception <a 'java/lang/NoSuchMethodError'{0x0000000718d27e00}: 'java.lang.Object java.lang.invoke.DirectMethodHandle$Holder.newInvokeSpecial(java.lang.Object, java.lang.Object, int, java.lang.Object, java.lang.Object)'> (0x0000000718d27e00) 
thrown [s\open\src\hotspot\share\interpreter\linkResolver.cpp, line 805]
Event: 3.760 Thread 0x000001a45dc17110 Exception <a 'java/lang/NoSuchMethodError'{0x000000071887f3a0}: 'java.lang.Object java.lang.invoke.DirectMethodHandle$Holder.invokeInterface(java.lang.Object, java.lang.Object, java.lang.Object, java.lang.Object, java.lang.Object, java.lang.Object, java.lang.Object)'> (0x000000071887f3a0) 
thrown [s\open\src\hotspot\share\interpreter\linkResolver.cpp, line 805]
Event: 3.763 Thread 0x000001a45dc17110 Exception <a 'java/lang/NoSuchMethodError'{0x00000007188d2770}: 'java.lang.Object java.lang.invoke.DirectMethodHandle$Holder.invokeStatic(java.lang.Object, java.lang.Object, java.lang.Object, java.lang.Object, java.lang.Object, java.lang.Object, java.lang.Object, java.lang.Object, java.lang.Object, java.lang.Object)'> (0x00000007188d2770) 
thrown [s\open\src\hotspot\share\interpreter\linkResolver.cpp, line 805]
Event: 11.416 Thread 0x000001a458cb9550 Exception <a 'java/lang/NoSuchMethodError'{0x0000000718669698}: 'void java.lang.invoke.DirectMethodHandle$Holder.invokeStaticInit(java.lang.Object)'> (0x0000000718669698) 
thrown [s\open\src\hotspot\share\interpreter\linkResolver.cpp, line 805]
Event: 11.496 Thread 0x000001a458cb9550 Exception <a 'java/lang/NoSuchMethodError'{0x000000070e8214c0}: 'void java.lang.invoke.DirectMethodHandle$Holder.invokeSpecial(java.lang.Object, java.lang.Object, int)'> (0x000000070e8214c0) 
thrown [s\open\src\hotspot\share\interpreter\linkResolver.cpp, line 805]
Event: 11.496 Thread 0x000001a458cb9550 Exception <a 'java/lang/NoSuchMethodError'{0x000000070e8290e0}: 'void java.lang.invoke.Invokers$Holder.invokeExact_MT(java.lang.Object, int, java.lang.Object)'> (0x000000070e8290e0) 
thrown [s\open\src\hotspot\share\interpreter\linkResolver.cpp, line 805]
Event: 11.498 Thread 0x000001a458cb9550 Exception <a 'java/lang/NoSuchMethodError'{0x000000070e84a598}: 'java.lang.Object java.lang.invoke.DirectMethodHandle$Holder.newInvokeSpecial(java.lang.Object, java.lang.Object, int)'> (0x000000070e84a598) 
thrown [s\open\src\hotspot\share\interpreter\linkResolver.cpp, line 805]
Event: 11.502 Thread 0x000001a458cb9550 Exception <a 'sun/nio/fs/WindowsException'{0x000000070e88f078}> (0x000000070e88f078) 
thrown [s\open\src\hotspot\share\prims\jni.cpp, line 518]
Event: 11.505 Thread 0x000001a458cb9550 Exception <a 'sun/nio/fs/WindowsException'{0x000000070e89be30}> (0x000000070e89be30) 
thrown [s\open\src\hotspot\share\prims\jni.cpp, line 518]
Event: 11.511 Thread 0x000001a458cb9550 Exception <a 'sun/nio/fs/WindowsException'{0x000000070e8a9a80}> (0x000000070e8a9a80) 
thrown [s\open\src\hotspot\share\prims\jni.cpp, line 518]

VM Operations (20 events):
Event: 2.884 Executing VM operation: HandshakeAllThreads (Deoptimize)
Event: 2.884 Executing VM operation: HandshakeAllThreads (Deoptimize) done
Event: 2.884 Executing VM operation: HandshakeAllThreads (Deoptimize)
Event: 2.884 Executing VM operation: HandshakeAllThreads (Deoptimize) done
Event: 2.912 Executing VM operation: HandshakeAllThreads (Deoptimize)
Event: 2.912 Executing VM operation: HandshakeAllThreads (Deoptimize) done
Event: 3.006 Executing VM operation: HandshakeAllThreads (Deoptimize)
Event: 3.007 Executing VM operation: HandshakeAllThreads (Deoptimize) done
Event: 3.023 Executing VM operation: HandshakeAllThreads (Deoptimize)
Event: 3.023 Executing VM operation: HandshakeAllThreads (Deoptimize) done
Event: 3.063 Executing VM operation: HandshakeAllThreads (Deoptimize)
Event: 3.063 Executing VM operation: HandshakeAllThreads (Deoptimize) done
Event: 3.142 Executing VM operation: HandshakeAllThreads (Deoptimize)
Event: 3.142 Executing VM operation: HandshakeAllThreads (Deoptimize) done
Event: 3.175 Executing VM operation: G1CollectForAllocation (G1 Evacuation Pause)
Event: 3.186 Executing VM operation: G1CollectForAllocation (G1 Evacuation Pause) done
Event: 3.195 Executing VM operation: HandshakeAllThreads (Deoptimize)
Event: 3.195 Executing VM operation: HandshakeAllThreads (Deoptimize) done
Event: 11.536 Executing VM operation: JFRSafepointClear
Event: 11.536 Executing VM operation: JFRSafepointClear done

Memory protections (0 events):
No events

Nmethod flushes (0 events):
No events

Events (20 events):
Event: 3.345 Thread 0x000001a442c7a940 Thread added: 0x000001a45dc169c0
Event: 3.360 Thread 0x000001a442c7a940 Thread exited: 0x000001a442c7a940
Event: 3.360 Thread 0x000001a45dc13690 Thread added: 0x000001a45dc13690
Event: 3.738 Thread 0x000001a441dfab70 Thread added: 0x000001a45dc17110
Event: 3.746 Thread 0x000001a45dc17110 Thread exited: 0x000001a45dc17110
Event: 3.749 Thread 0x000001a441dee5b0 Thread added: 0x000001a45dc17110
Event: 3.750 Thread 0x000001a45dc17110 Thread added: 0x000001a45dc17860
Event: 3.765 Thread 0x000001a45dc17860 Thread exited: 0x000001a45dc17860
Event: 3.768 Thread 0x000001a45dc17110 Thread added: 0x000001a45dc17860
Event: 3.776 Thread 0x000001a45dc17860 Thread exited: 0x000001a45dc17860
Event: 4.718 Thread 0x000001a4410499d0 Thread exited: 0x000001a4410499d0
Event: 4.768 Thread 0x000001a441049240 Thread exited: 0x000001a441049240
Event: 4.768 Thread 0x000001a441047b90 Thread exited: 0x000001a441047b90
Event: 6.871 Thread 0x000001a44104a160 Thread exited: 0x000001a44104a160
Event: 11.078 Thread 0x000001a441047400 Thread exited: 0x000001a441047400
Event: 11.412 Thread 0x000001a458cb9550 Thread added: 0x000001a45dc17860
Event: 11.438 Thread 0x000001a458ccd2f0 Thread added: 0x000001a45d9d64e0
Event: 11.464 Thread 0x000001a458ccd2f0 Thread added: 0x000001a45d9d8ab0
Event: 11.464 Thread 0x000001a458ccd2f0 Thread added: 0x000001a45d9d7400
Event: 11.498 Thread 0x000001a458cb9550 Thread added: 0x000001a45dc14530


Dynamic libraries:
0x00007ff6045b0000 - 0x00007ff6045be000 	C:\Users\Achu\.jdks\openjdk-24.0.1\bin\java.exe
0x00007ffc20a20000 - 0x00007ffc20c83000 	C:\WINDOWS\SYSTEM32\ntdll.dll
0x00007ffc1edf0000 - 0x00007ffc1eeb7000 	C:\WINDOWS\System32\KERNEL32.DLL
0x00007ffc1e020000 - 0x00007ffc1e3e7000 	C:\WINDOWS\System32\KERNELBASE.dll
0x00007ffc1e3f0000 - 0x00007ffc1e53c000 	C:\WINDOWS\System32\ucrtbase.dll
0x00007ffc02570000 - 0x00007ffc0258b000 	C:\Users\Achu\.jdks\openjdk-24.0.1\bin\VCRUNTIME140.dll
0x00007ffc06ae0000 - 0x00007ffc06af6000 	C:\Users\Achu\.jdks\openjdk-24.0.1\bin\jli.dll
0x00007ffc20810000 - 0x00007ffc209d9000 	C:\WINDOWS\System32\USER32.dll
0x00007ffc05700000 - 0x00007ffc05990000 	C:\WINDOWS\WinSxS\amd64_microsoft.windows.common-controls_6595b64144ccf1df_6.0.26100.3037_none_3e09262ce333c378\COMCTL32.dll
0x00007ffc1df40000 - 0x00007ffc1df67000 	C:\WINDOWS\System32\win32u.dll
0x00007ffc20740000 - 0x00007ffc207e9000 	C:\WINDOWS\System32\msvcrt.dll
0x00007ffc20370000 - 0x00007ffc2039a000 	C:\WINDOWS\System32\GDI32.dll
0x00007ffc1e600000 - 0x00007ffc1e72b000 	C:\WINDOWS\System32\gdi32full.dll
0x00007ffc1df70000 - 0x00007ffc1e013000 	C:\WINDOWS\System32\msvcp_win.dll
0x00007ffc1fa60000 - 0x00007ffc1fa8f000 	C:\WINDOWS\System32\IMM32.DLL
0x00007ffc17a60000 - 0x00007ffc17a6c000 	C:\Users\Achu\.jdks\openjdk-24.0.1\bin\vcruntime140_1.dll
0x00007ffbdc580000 - 0x00007ffbdc60e000 	C:\Users\Achu\.jdks\openjdk-24.0.1\bin\msvcp140.dll
0x00007ffb58680000 - 0x00007ffb59422000 	C:\Users\Achu\.jdks\openjdk-24.0.1\bin\server\jvm.dll
0x00007ffc1faa0000 - 0x00007ffc1fb54000 	C:\WINDOWS\System32\ADVAPI32.dll
0x00007ffc1ed40000 - 0x00007ffc1ede6000 	C:\WINDOWS\System32\sechost.dll
0x00007ffc20400000 - 0x00007ffc20516000 	C:\WINDOWS\System32\RPCRT4.dll
0x00007ffc202f0000 - 0x00007ffc20364000 	C:\WINDOWS\System32\WS2_32.dll
0x00007ffc1ca40000 - 0x00007ffc1ca8e000 	C:\WINDOWS\SYSTEM32\POWRPROF.dll
0x00007ffc15f50000 - 0x00007ffc15f5b000 	C:\WINDOWS\SYSTEM32\VERSION.dll
0x00007ffc11950000 - 0x00007ffc11986000 	C:\WINDOWS\SYSTEM32\WINMM.dll
0x00007ffc1ca20000 - 0x00007ffc1ca34000 	C:\WINDOWS\SYSTEM32\UMPDC.dll
0x00007ffc1cd00000 - 0x00007ffc1cd1a000 	C:\WINDOWS\SYSTEM32\kernel.appcore.dll
0x00007ffc02560000 - 0x00007ffc0256a000 	C:\Users\Achu\.jdks\openjdk-24.0.1\bin\jimage.dll
0x00007ffc1b0e0000 - 0x00007ffc1b321000 	C:\WINDOWS\SYSTEM32\DBGHELP.DLL
0x00007ffc1fef0000 - 0x00007ffc2026e000 	C:\WINDOWS\System32\combase.dll
0x00007ffc1fd60000 - 0x00007ffc1fe36000 	C:\WINDOWS\System32\OLEAUT32.dll
0x00007ffc014c0000 - 0x00007ffc014f9000 	C:\WINDOWS\SYSTEM32\dbgcore.DLL
0x00007ffc1e730000 - 0x00007ffc1e7c9000 	C:\WINDOWS\System32\bcryptPrimitives.dll
0x00007ffc15cf0000 - 0x00007ffc15cff000 	C:\Users\Achu\.jdks\openjdk-24.0.1\bin\instrument.dll
0x00007ffbed670000 - 0x00007ffbed68e000 	C:\Users\Achu\.jdks\openjdk-24.0.1\bin\java.dll
0x00007ffc20520000 - 0x00007ffc206b5000 	C:\WINDOWS\System32\ole32.dll
0x00007ffc1eec0000 - 0x00007ffc1f5c4000 	C:\WINDOWS\System32\SHELL32.dll
0x00007ffc1bab0000 - 0x00007ffc1c2e7000 	C:\WINDOWS\SYSTEM32\windows.storage.dll
0x00007ffc1e860000 - 0x00007ffc1e949000 	C:\WINDOWS\System32\SHCORE.dll
0x00007ffc20290000 - 0x00007ffc202ed000 	C:\WINDOWS\System32\shlwapi.dll
0x00007ffc1dcd0000 - 0x00007ffc1dcfe000 	C:\WINDOWS\SYSTEM32\profapi.dll
0x00007ffbec470000 - 0x00007ffbec487000 	C:\Users\Achu\.jdks\openjdk-24.0.1\bin\zip.dll
0x00007ffc02550000 - 0x00007ffc02560000 	C:\Users\Achu\.jdks\openjdk-24.0.1\bin\net.dll
0x00007ffc1d210000 - 0x00007ffc1d27a000 	C:\WINDOWS\system32\mswsock.dll
0x00007ffbec840000 - 0x00007ffbec856000 	C:\Users\Achu\.jdks\openjdk-24.0.1\bin\nio.dll
0x00007ffc024c0000 - 0x00007ffc024c9000 	C:\Users\Achu\.jdks\openjdk-24.0.1\bin\extnet.dll
0x00007ffc1c770000 - 0x00007ffc1c895000 	C:\WINDOWS\SYSTEM32\DNSAPI.dll
0x00007ffc1c6d0000 - 0x00007ffc1c702000 	C:\WINDOWS\SYSTEM32\IPHLPAPI.DLL
0x00007ffc20280000 - 0x00007ffc2028a000 	C:\WINDOWS\System32\NSI.dll
0x00007ffc16540000 - 0x00007ffc1654b000 	C:\Windows\System32\rasadhlp.dll
0x00007ffc17d00000 - 0x00007ffc17d85000 	C:\WINDOWS\System32\fwpuclnt.dll
0x00007ffc14ca0000 - 0x00007ffc14caa000 	C:\Users\Achu\.jdks\openjdk-24.0.1\bin\management.dll
0x00007ffc0b3b0000 - 0x00007ffc0b3bb000 	C:\Users\Achu\.jdks\openjdk-24.0.1\bin\management_ext.dll
0x00007ffc1fd50000 - 0x00007ffc1fd58000 	C:\WINDOWS\System32\PSAPI.DLL
0x00007ffc1d4b0000 - 0x00007ffc1d4cc000 	C:\WINDOWS\SYSTEM32\CRYPTSP.dll
0x00007ffc1cc60000 - 0x00007ffc1cc98000 	C:\WINDOWS\system32\rsaenh.dll
0x00007ffc1d2b0000 - 0x00007ffc1d2db000 	C:\WINDOWS\SYSTEM32\USERENV.dll
0x00007ffc1d6f0000 - 0x00007ffc1d716000 	C:\WINDOWS\SYSTEM32\bcrypt.dll
0x00007ffc1d4d0000 - 0x00007ffc1d4dc000 	C:\WINDOWS\SYSTEM32\CRYPTBASE.dll
0x00007ffc034d0000 - 0x00007ffc034e8000 	C:\WINDOWS\system32\napinsp.dll
0x00007ffc02a00000 - 0x00007ffc02a12000 	C:\WINDOWS\System32\winrnr.dll
0x00007ffc02950000 - 0x00007ffc02972000 	C:\WINDOWS\system32\nlansp_c.dll
0x00007ffc160f0000 - 0x00007ffc16106000 	C:\WINDOWS\system32\wshbth.dll
0x00007ffc0cc00000 - 0x00007ffc0cc56000 	C:\WINDOWS\SYSTEM32\pdh.dll
0x00007ffc15d00000 - 0x00007ffc15d12000 	C:\WINDOWS\System32\perfproc.dll
0x00007ffbf8cf0000 - 0x00007ffbf8d01000 	C:\WINDOWS\System32\perfos.dll
0x00007ffc1c310000 - 0x00007ffc1c322000 	C:\WINDOWS\SYSTEM32\pfclient.dll
0x00007ffbfcd20000 - 0x00007ffbfcd2e000 	C:\Users\Achu\.jdks\openjdk-24.0.1\bin\sunmscapi.dll
0x00007ffc1ddc0000 - 0x00007ffc1df36000 	C:\WINDOWS\System32\CRYPT32.dll
0x00007ffc1d6b0000 - 0x00007ffc1d6e0000 	C:\WINDOWS\SYSTEM32\ncrypt.dll
0x00007ffc1d660000 - 0x00007ffc1d69f000 	C:\WINDOWS\SYSTEM32\NTASN1.dll
0x00007ffbeccd0000 - 0x00007ffbeccd8000 	C:\WINDOWS\system32\wshunix.dll
0x00007ffba2de0000 - 0x00007ffba2fd8000 	C:\Users\Achu\AppData\Local\Temp\idea_libasyncProfiler_dll_temp_folder\libasyncProfiler.dll

JVMTI agents:
C:\Program Files\JetBrains\IntelliJ IDEA 2025.1.1.1\lib\idea_rt.jar path:C:\Users\Achu\.jdks\openjdk-24.0.1\bin\instrument.dll, loaded, initialized, instrumentlib options:59621

dbghelp: loaded successfully - version: 4.0.5 - missing functions: none
symbol engine: initialized successfully - sym options: 0x614 - pdb path: .;C:\Users\Achu\.jdks\openjdk-24.0.1\bin;C:\WINDOWS\SYSTEM32;C:\WINDOWS\WinSxS\amd64_microsoft.windows.common-controls_6595b64144ccf1df_6.0.26100.3037_none_3e09262ce333c378;C:\Users\Achu\.jdks\openjdk-24.0.1\bin\server;C:\Users\Achu\AppData\Local\Temp\idea_libasyncProfiler_dll_temp_folder

VM Arguments:
jvm_args: -XX:TieredStopAtLevel=1 -Dspring.output.ansi.enabled=always -Dcom.sun.management.jmxremote -Dspring.jmx.enabled=true -Dspring.liveBeansView.mbeanDomain -Dspring.application.admin.enabled=true -Dmanagement.endpoints.jmx.exposure.include=* -javaagent:C:\Program Files\JetBrains\IntelliJ IDEA 2025.1.1.1\lib\idea_rt.jar=59621 -Dfile.encoding=UTF-8 -Dsun.stdout.encoding=UTF-8 -Dsun.stderr.encoding=UTF-8 
java_command: com.example.hello_spring.HelloSpringApplication
java_class_path (initial): C:\Users\Achu\Downloads\hello-spring\hello-spring\target\classes;C:\Users\Achu\.m2\repository\org\springframework\boot\spring-boot-starter-thymeleaf\3.4.5\spring-boot-starter-thymeleaf-3.4.5.jar;C:\Users\Achu\.m2\repository\org\springframework\boot\spring-boot-starter\3.4.5\spring-boot-starter-3.4.5.jar;C:\Users\Achu\.m2\repository\org\springframework\boot\spring-boot\3.4.5\spring-boot-3.4.5.jar;C:\Users\Achu\.m2\repository\org\springframework\boot\spring-boot-autoconfigure\3.4.5\spring-boot-autoconfigure-3.4.5.jar;C:\Users\Achu\.m2\repository\org\springframework\boot\spring-boot-starter-logging\3.4.5\spring-boot-starter-logging-3.4.5.jar;C:\Users\Achu\.m2\repository\ch\qos\logback\logback-classic\1.5.18\logback-classic-1.5.18.jar;C:\Users\Achu\.m2\repository\ch\qos\logback\logback-core\1.5.18\logback-core-1.5.18.jar;C:\Users\Achu\.m2\repository\org\apache\logging\log4j\log4j-to-slf4j\2.24.3\log4j-to-slf4j-2.24.3.jar;C:\Users\Achu\.m2\repository\org\apache\logging\log4j\log4j-api\2.24.3\log4j-api-2.24.3.jar;C:\Users\Achu\.m2\repository\org\slf4j\jul-to-slf4j\2.0.17\jul-to-slf4j-2.0.17.jar;C:\Users\Achu\.m2\repository\jakarta\annotation\jakarta.annotation-api\2.1.1\jakarta.annotation-api-2.1.1.jar;C:\Users\Achu\.m2\repository\org\yaml\snakeyaml\2.3\snakeyaml-2.3.jar;C:\Users\Achu\.m2\repository\org\thymeleaf\thymeleaf-spring6\3.1.3.RELEASE\thymeleaf-spring6-3.1.3.RELEASE.jar;C:\Users\Achu\.m2\repository\org\thymeleaf\thymeleaf\3.1.3.RELEASE\thymeleaf-3.1.3.RELEASE.jar;C:\Users\Achu\.m2\repository\org\attoparser\attoparser\2.0.7.RELEASE\attoparser-2.0.7.RELEASE.jar;C:\Users\Achu\.m2\repository\org\unbescape\unbescape\1.1.6.RELEASE\unbescape-1.1.6.RELEASE.jar;C:\Users\Achu\.m2\repository\org\slf4j\slf4j-api\2.0.17\slf4j-api-2.0.17.jar;C:\Users\Achu\.m2\repository\org\springframework\boot\spring-boot-starter-web\3.4.5\spring-boot-starter-web-3.4.5.jar;C:\Users\Achu\.m2\repository\org\springframework\boot\spring-boot-starter-json\3.4.5\spring-boot-starter-json-3.4.5.jar;C:\Users\Achu\.m2\repository\com\fasterxml\jackson\core\jackson-databind\2.18.3\jackson-databind-2.18.3.jar;C:\Users\Achu\.m2\repository\com\fasterxml\jackson\core\jackson-annotations\2.18.3\jackson-annotations-2.18.3.jar;C:\Users\Achu\.m2\repository\com\fasterxml\jackson\core\jackson-core\2.18.3\jackson-core-2.18.3.jar;C:\Users\Achu\.m2\repository\com\fasterxml\jackson\datatype\jackson-datatype-jdk8\2.18.3\jackson-datatype-jdk8-2.18.3.jar;C:\Users\Achu\.m2\repository\com\fasterxml\jackson\datatype\jackson-datatype-jsr310\2.18.3\jackson-datatype-jsr310-2.18.3.jar;C:\Users\Achu\.m2\repository\com\fasterxml\jackson\module\jackson-module-parameter-names\2.18.3\jackson-module-parameter-names-2.18.3.jar;C:\Users\Achu\.m2\repository\org\springframework\boot\spring-boot-starter-tomcat\3.4.5\spring-boot-starter-tomcat-3.4.5.jar;C:\Users\Achu\.m2\repository\org\apache\tomcat\embed\tomcat-embed-core\10.1.40\tomcat-embed-core-10.1.40.jar;C:\Users\Achu\.m2\repository\org\apache\tomcat\embed\tomcat-embed-el\10.1.40\tomcat-embed-el-10.1.40.jar;C:\Users\Achu\.m2\repository\org\apache\tomcat\embed\tomcat-embed-websocket\10.1.40\tomcat-embed-websocket-10.1.40.jar;C:\Users\Achu\.m2\repository\org\springframework\spring-web\6.2.6\spring-web-6.2.6.jar;C:\Users\Achu\.m2\repository\org\springframework\spring-beans\6.2.6\spring-beans-6.2.6.jar;C:\Users\Achu\.m2\repository\io\micrometer\micrometer-observation\1.14.6\micrometer-observation-1.14.6.jar;C:\Users\Achu\.m2\repository\io\micrometer\micrometer-commons\1.14.6\micrometer-commons-1.14.6.jar;C:\Users\Achu\.m2\repository\org\springframework\spring-webmvc\6.2.6\spring-webmvc-6.2.6.jar;C:\Users\Achu\.m2\repository\org\springframework\spring-aop\6.2.6\spring-aop-6.2.6.jar;C:\Users\Achu\.m2\repository\org\springframework\spring-context\6.2.6\spring-context-6.2.6.jar;C:\Users\Achu\.m2\repository\org\springframework\spring-expression\6.2.6\spring-expression-6.2.6.jar;C:\Users\Achu\.m2\repository\org\projectlombok\lombok\1.18.38\lombok-1.18.38.jar;C:\Users\Achu\.m2\repository\org\springframework\spring-core\6.2.6\spring-core-6.2.6.jar;C:\Users\Achu\.m2\repository\org\springframework\spring-jcl\6.2.6\spring-jcl-6.2.6.jar
Launcher Type: SUN_STANDARD

[Global flags]
     intx CICompilerCount                          = 12                                        {product} {ergonomic}
     uint ConcGCThreads                            = 3                                         {product} {ergonomic}
     bool FlightRecorder                           = true                                      {product} {management}
     uint G1ConcRefinementThreads                  = 13                                        {product} {ergonomic}
   size_t G1HeapRegionSize                         = 2097152                                   {product} {ergonomic}
   size_t InitialHeapSize                          = 255852544                                 {product} {ergonomic}
     bool ManagementServer                         = true                                      {product} {command line}
   size_t MarkStackSize                            = 4194304                                   {product} {ergonomic}
   size_t MarkStackSizeMax                         = 536870912                                 {product} {ergonomic}
   size_t MaxHeapSize                              = 4093640704                                {product} {ergonomic}
   size_t MaxNewSize                               = 2455764992                                {product} {ergonomic}
   size_t MinHeapDeltaBytes                        = 2097152                                   {product} {ergonomic}
   size_t MinHeapSize                              = 8388608                                   {product} {ergonomic}
    uintx NonNMethodCodeHeapSize                   = 4096                                   {pd product} {ergonomic}
    uintx NonProfiledCodeHeapSize                  = 0                                      {pd product} {ergonomic}
     bool ProfileInterpreter                       = false                                  {pd product} {command line}
    uintx ProfiledCodeHeapSize                     = 0                                      {pd product} {ergonomic}
   size_t SoftMaxHeapSize                          = 4093640704                             {manageable} {ergonomic}
     intx TieredStopAtLevel                        = 1                                         {product} {command line}
     bool UseCompressedOops                        = true                           {product lp64_product} {ergonomic}
     bool UseG1GC                                  = true                                      {product} {ergonomic}
     bool UseLargePagesIndividualAllocation        = false                                  {pd product} {ergonomic}

Logging:
Log output configuration:
 #0: stdout all=warning uptime,level,tags foldmultilines=false
 #1: stderr all=off uptime,level,tags foldmultilines=false

Environment Variables:
PATH=C:\Windows\system32;C:\Windows;C:\Windows\System32\Wbem;C:\Windows\System32\WindowsPowerShell\v1.0\;C:\Windows\System32\OpenSSH\;C:\Program Files (x86)\NVIDIA Corporation\PhysX\Common;C:\Program Files\dotnet\;C:\Program Files (x86)\Microsoft SQL Server\160\Tools\Binn\;C:\Program Files\Microsoft SQL Server\160\Tools\Binn\;C:\Program Files\Microsoft SQL Server\Client SDK\ODBC\170\Tools\Binn\;C:\Program Files\Microsoft SQL Server\160\DTS\Binn\;C:\Program Files (x86)\Microsoft SQL Server\160\DTS\Binn\;C:\Program Files\Microsoft SQL Server\150\Tools\Binn\;C:\WINDOWS\system32;C:\WINDOWS;C:\WINDOWS\System32\Wbem;C:\WINDOWS\System32\WindowsPowerShell\v1.0\;C:\WINDOWS\System32\OpenSSH\;C:\Program Files\NVIDIA Corporation\NVIDIA App\NvDLISR;C:\Users\Achu\AppData\Local\Microsoft\WindowsApps;C:\Users\Achu\.dotnet\tools;C:\Users\Achu\AppData\Local\Programs\Microsoft VS Code\bin
USERNAME=Achu
OS=Windows_NT
PROCESSOR_IDENTIFIER=AMD64 Family 25 Model 68 Stepping 1, AuthenticAMD
TMP=C:\Users\Achu\AppData\Local\Temp
TEMP=C:\Users\Achu\AppData\Local\Temp




Periodic native trim disabled

---------------  S Y S T E M  ---------------

OS:
 Windows 11 , 64 bit Build 26100 (10.0.26100.3037)
OS uptime: 0 days 18:31 hours
Hyper-V role detected

CPU: total 16 (initial active 16) (16 cores per cpu, 2 threads per core) family 25 model 68 stepping 1 microcode 0xa404102, cx8, cmov, fxsr, ht, mmx, 3dnowpref, sse, sse2, sse3, ssse3, sse4a, sse4.1, sse4.2, popcnt, lzcnt, tsc, tscinvbit, avx, avx2, aes, erms, clmul, bmi1, bmi2, adx, sha, fma, vzeroupper, clflush, clflushopt, hv, rdtscp, rdpid, fsrm, f16c, cet_ss
Processor Information for processor 0
  Max Mhz: 3201, Current Mhz: 2502, Mhz Limit: 3201
Processor Information for processor 1
  Max Mhz: 3201, Current Mhz: 2502, Mhz Limit: 3201
Processor Information for processor 2
  Max Mhz: 3201, Current Mhz: 1978, Mhz Limit: 3201
Processor Information for processor 3
  Max Mhz: 3201, Current Mhz: 1978, Mhz Limit: 3201
Processor Information for processor 4
  Max Mhz: 3201, Current Mhz: 2502, Mhz Limit: 3201
Processor Information for processor 5
  Max Mhz: 3201, Current Mhz: 2502, Mhz Limit: 3201
Processor Information for processor 6
  Max Mhz: 3201, Current Mhz: 2502, Mhz Limit: 3201
Processor Information for processor 7
  Max Mhz: 3201, Current Mhz: 2502, Mhz Limit: 3201
Processor Information for processor 8
  Max Mhz: 3201, Current Mhz: 1978, Mhz Limit: 3201
Processor Information for processor 9
  Max Mhz: 3201, Current Mhz: 1978, Mhz Limit: 3201
Processor Information for processor 10
  Max Mhz: 3201, Current Mhz: 2502, Mhz Limit: 3201
Processor Information for processor 11
  Max Mhz: 3201, Current Mhz: 2502, Mhz Limit: 3201
Processor Information for processor 12
  Max Mhz: 3201, Current Mhz: 1978, Mhz Limit: 3201
Processor Information for processor 13
  Max Mhz: 3201, Current Mhz: 1978, Mhz Limit: 3201
Processor Information for processor 14
  Max Mhz: 3201, Current Mhz: 1978, Mhz Limit: 3201
Processor Information for processor 15
  Max Mhz: 3201, Current Mhz: 1978, Mhz Limit: 3201

Memory: 4k page, system-wide physical 15610M (5728M free)
TotalPageFile size 19979M (AvailPageFile size 1706M)
current process WorkingSet (physical memory assigned to process): 161M, peak: 161M
current process commit charge ("private bytes"): 236M, peak: 381M

vm_info: OpenJDK 64-Bit Server VM (24.0.1+9-30) for windows-amd64 JRE (24.0.1+9-30), built on 2025-03-05T07:23:45Z with MS VC++ 17.6 (VS2022)

END.
